#
# There is insufficient memory for the Java Runtime Environment to continue.
# Native memory allocation (malloc) failed to allocate 1048576 bytes for AllocateHeap
# Possible reasons:
#   The system is out of physical RAM or swap space
#   In 32 bit mode, the process size limit was hit
# Possible solutions:
#   Reduce memory load on the system
#   Increase physical memory or swap space
#   Check if swap backing store is full
#   Use 64 bit Java on a 64 bit OS
#   Decrease Java heap size (-Xmx/-Xms)
#   Decrease number of Java threads
#   Decrease Java thread stack sizes (-Xss)
#   Set larger code cache with -XX:ReservedCodeCacheSize=
# This output file may be truncated or incomplete.
#
#  Out of Memory Error (memory/allocation.inline.hpp:61), pid=18144, tid=0x0000000000004454
#
# JRE version:  (8.0_102-b14) (build )
# Java VM: Java HotSpot(TM) 64-Bit Server VM (25.102-b14 mixed mode windows-amd64 compressed oops)
# Failed to write core dump. Minidumps are not enabled by default on client versions of Windows
#

---------------  T H R E A D  ---------------

Current thread (0x0000000002d30800):  JavaThread "Unknown thread" [_thread_in_vm, id=17492, stack(0x0000000002bc0000,0x0000000002cc0000)]

Stack: [0x0000000002bc0000,0x0000000002cc0000]
[error occurred during error reporting (printing stack bounds), id 0xc0000005]

Native frames: (J=compiled Java code, j=interpreted, Vv=VM code, C=native code)


---------------  P R O C E S S  ---------------

Java Threads: ( => current thread )

Other Threads:

=>0x0000000002d30800 (exited) JavaThread "Unknown thread" [_thread_in_vm, id=17492, stack(0x0000000002bc0000,0x0000000002cc0000)]

VM state:not at safepoint (normal execution)

VM Mutex/Monitor currently owned by a thread: None

Heap:
 PSYoungGen      total 76288K, used 1310K [0x000000076b180000, 0x0000000770680000, 0x00000007c0000000)
  eden space 65536K, 2% used [0x000000076b180000,0x000000076b2c7af0,0x000000076f180000)
  from space 10752K, 0% used [0x000000076fc00000,0x000000076fc00000,0x0000000770680000)
  to   space 10752K, 0% used [0x000000076f180000,0x000000076f180000,0x000000076fc00000)
 ParOldGen       total 175104K, used 0K [0x00000006c1400000, 0x00000006cbf00000, 0x000000076b180000)
  object space 175104K, 0% used [0x00000006c1400000,0x00000006c1400000,0x00000006cbf00000)
 Metaspace       used 746K, capacity 4480K, committed 4480K, reserved 1056768K
  class space    used 75K, capacity 384K, committed 384K, reserved 1048576K

Card table byte_map: [0x00000000122a0000,0x0000000012aa0000] byte_map_base: 0x000000000ec96000

Marking Bits: (ParMarkBitMap*) 0x000000006236a6c0
 Begin Bits: [0x00000000137f0000, 0x00000000177a0000)
 End Bits:   [0x00000000177a0000, 0x000000001b750000)

Polling page: 0x0000000000ee0000

CodeCache: size=245760Kb used=328Kb max_used=328Kb free=245431Kb
 bounds [0x0000000002ee0000, 0x0000000003150000, 0x0000000011ee0000]
 total_blobs=58 nmethods=0 adapters=38
 compilation: enabled

Compilation events (0 events):
No events

GC Heap History (0 events):
No events

Deoptimization events (0 events):
No events

Internal exceptions (0 events):
No events

Events (10 events):
Event: 0.095 loading class java/lang/Short
Event: 0.095 loading class java/lang/Short done
Event: 0.095 loading class java/lang/Integer
Event: 0.096 loading class java/lang/Integer done
Event: 0.096 loading class java/lang/Long
Event: 0.096 loading class java/lang/Long done
Event: 0.096 loading class java/lang/NullPointerException
Event: 0.096 loading class java/lang/NullPointerException done
Event: 0.096 loading class java/lang/ArithmeticException
Event: 0.096 loading class java/lang/ArithmeticException done


Dynamic libraries:
0x00007ff63ac80000 - 0x00007ff63acb7000 	C:\Program Files\Java\jre1.8.0_102\bin\javaw.exe
0x00007ffc15f70000 - 0x00007ffc16141000 	C:\WINDOWS\SYSTEM32\ntdll.dll
0x00007ffc15b90000 - 0x00007ffc15c3b000 	C:\WINDOWS\System32\KERNEL32.DLL
0x00007ffc13160000 - 0x00007ffc1337d000 	C:\WINDOWS\System32\KERNELBASE.dll
0x00007ffc138d0000 - 0x00007ffc13972000 	C:\WINDOWS\System32\ADVAPI32.dll
0x00007ffc13500000 - 0x00007ffc1359e000 	C:\WINDOWS\System32\msvcrt.dll
0x00007ffc15e40000 - 0x00007ffc15e99000 	C:\WINDOWS\System32\sechost.dll
0x00007ffc13990000 - 0x00007ffc13ab1000 	C:\WINDOWS\System32\RPCRT4.dll
0x00007ffc143b0000 - 0x00007ffc14515000 	C:\WINDOWS\System32\USER32.dll
0x00007ffc134e0000 - 0x00007ffc134fe000 	C:\WINDOWS\System32\win32u.dll
0x00007ffc14370000 - 0x00007ffc143a4000 	C:\WINDOWS\System32\GDI32.dll
0x00007ffc12d40000 - 0x00007ffc12ec2000 	C:\WINDOWS\System32\gdi32full.dll
0x00007ffc0a5e0000 - 0x00007ffc0a859000 	C:\WINDOWS\WinSxS\amd64_microsoft.windows.common-controls_6595b64144ccf1df_6.0.14393.0_none_2d0f50fcbdb171b8\COMCTL32.dll
0x00007ffc13b40000 - 0x00007ffc13e07000 	C:\WINDOWS\System32\combase.dll
0x00007ffc133e0000 - 0x00007ffc134d5000 	C:\WINDOWS\System32\ucrtbase.dll
0x00007ffc130a0000 - 0x00007ffc1310a000 	C:\WINDOWS\System32\bcryptPrimitives.dll
0x00007ffc136e0000 - 0x00007ffc1370e000 	C:\WINDOWS\System32\IMM32.DLL
0x0000000061590000 - 0x0000000061661000 	C:\Program Files\Java\jre1.8.0_102\bin\msvcr100.dll
0x0000000061b50000 - 0x00000000623ea000 	C:\Program Files\Java\jre1.8.0_102\bin\server\jvm.dll
0x00007ffc14360000 - 0x00007ffc14368000 	C:\WINDOWS\System32\PSAPI.DLL
0x00007ffc00ab0000 - 0x00007ffc00ab9000 	C:\WINDOWS\SYSTEM32\WSOCK32.dll
0x00007ffc10690000 - 0x00007ffc106b3000 	C:\WINDOWS\SYSTEM32\WINMM.dll
0x00007ffc0dc20000 - 0x00007ffc0dc2a000 	C:\WINDOWS\SYSTEM32\VERSION.dll
0x00007ffc13ac0000 - 0x00007ffc13b2a000 	C:\WINDOWS\System32\WS2_32.dll
0x00007ffc10230000 - 0x00007ffc1025b000 	C:\WINDOWS\SYSTEM32\WINMMBASE.dll
0x00007ffc13110000 - 0x00007ffc13152000 	C:\WINDOWS\System32\cfgmgr32.dll
0x0000000061a60000 - 0x0000000061a6f000 	C:\Program Files\Java\jre1.8.0_102\bin\verify.dll
0x0000000061a30000 - 0x0000000061a59000 	C:\Program Files\Java\jre1.8.0_102\bin\java.dll
0x0000000061a10000 - 0x0000000061a26000 	C:\Program Files\Java\jre1.8.0_102\bin\zip.dll

VM Arguments:
jvm_args: -Dfile.encoding=Cp1252 
java_command: enochhan_CSCI201L_Assignment1.Jeopardy src/SportsJeopardy
java_class_path (initial): C:\Users\Enoz\workspace\enochhan_CSCI201L_Assignment1\bin
Launcher Type: SUN_STANDARD

Environment Variables:
PATH=C:/Program Files/Java/jre1.8.0_102/bin/server;C:/Program Files/Java/jre1.8.0_102/bin;C:/Program Files/Java/jre1.8.0_102/lib/amd64;C:\ProgramData\Oracle\Java\javapath;C:\WINDOWS\system32;C:\WINDOWS;C:\WINDOWS\System32\Wbem;C:\WINDOWS\System32\WindowsPowerShell\v1.0\;C:\Program Files (x86)\Skype\Phone\;C:\Program Files (x86)\Windows Kits\10\Windows Performance Toolkit\;C:\Program Files (x86)\NVIDIA Corporation\PhysX\Common;C:\Users\Enoz\AppData\Local\Microsoft\WindowsApps;;C:\Users\Enoz\Desktop;
USERNAME=Enoz
OS=Windows_NT
PROCESSOR_IDENTIFIER=Intel64 Family 6 Model 60 Stepping 3, GenuineIntel



---------------  S Y S T E M  ---------------

OS: Windows 10.0 , 64 bit Build 14393 (10.0.14393.0)

CPU:total 8 (4 cores per cpu, 2 threads per core) family 6 model 60 stepping 3, cmov, cx8, fxsr, mmx, sse, sse2, sse3, ssse3, sse4.1, sse4.2, popcnt, avx, avx2, aes, clmul, erms, lzcnt, ht, tsc, tscinvbit, bmi1, bmi2

Memory: 4k page, physical 16687384k(9846296k free), swap 42404500k(5748k free)

vm_info: Java HotSpot(TM) 64-Bit Server VM (25.102-b14) for windows-amd64 JRE (1.8.0_102-b14), built on Jun 22 2016 13:15:21 by "java_re" with MS VC++ 10.0 (VS2010)

time: Sun Sep 04 17:15:51 2016
elapsed time: 0 seconds (0d 0h 0m 0s)

